2025-09-17 12:44:46,238 - INFO - Serial opened: /dev/ttyAMA0
2025-09-17 12:44:46,238 - INFO - Serial opened: /dev/ttyAMA2
2025-09-17 12:44:46,492 - INFO - RTDB sink enabled root='/pm_readings', batch=50, flush=3s
2025-09-17 12:44:46,492 - INFO - Program started.
2025-09-17 12:44:50,037 - INFO - RTDB flush OK (9 rows)
2025-09-17 12:44:53,176 - INFO - RTDB flush OK (9 rows)
2025-09-17 12:44:56,319 - INFO - RTDB flush OK (9 rows)
2025-09-17 12:44:59,461 - INFO - RTDB flush OK (9 rows)
2025-09-17 12:45:02,606 - INFO - RTDB flush OK (9 rows)
2025-09-17 12:45:05,765 - INFO - RTDB flush OK (9 rows)
2025-09-17 12:45:08,905 - INFO - RTDB flush OK (9 rows)
2025-09-17 12:45:12,054 - INFO - RTDB flush OK (9 rows)
2025-09-17 12:45:15,202 - INFO - RTDB flush OK (9 rows)
2025-09-17 12:45:18,336 - INFO - RTDB flush OK (9 rows)
2025-09-17 12:45:21,485 - INFO - RTDB flush OK (9 rows)
2025-09-17 12:45:24,628 - INFO - RTDB flush OK (9 rows)
2025-09-17 12:45:27,771 - INFO - RTDB flush OK (9 rows)
2025-09-17 12:45:30,909 - INFO - RTDB flush OK (9 rows)
2025-09-17 12:45:34,046 - INFO - RTDB flush OK (9 rows)
2025-09-17 12:45:37,195 - INFO - RTDB flush OK (9 rows)
2025-09-17 12:45:40,346 - INFO - RTDB flush OK (9 rows)
2025-09-17 12:45:43,494 - INFO - RTDB flush OK (9 rows)
2025-09-17 12:45:46,642 - INFO - RTDB flush OK (9 rows)
2025-09-17 12:45:49,790 - INFO - RTDB flush OK (9 rows)
2025-09-17 12:45:52,937 - INFO - RTDB flush OK (9 rows)
2025-09-17 12:45:56,079 - INFO - RTDB flush OK (9 rows)
2025-09-17 12:45:59,210 - INFO - RTDB flush OK (9 rows)
2025-09-17 12:46:02,347 - INFO - RTDB flush OK (9 rows)
2025-09-17 12:46:05,499 - INFO - RTDB flush OK (9 rows)
2025-09-17 12:46:08,637 - INFO - RTDB flush OK (9 rows)
2025-09-17 12:46:11,777 - INFO - RTDB flush OK (9 rows)
2025-09-17 12:46:14,921 - INFO - RTDB flush OK (9 rows)
2025-09-17 12:46:18,057 - INFO - RTDB flush OK (9 rows)
2025-09-17 12:46:21,198 - INFO - RTDB flush OK (9 rows)
2025-09-17 12:46:24,342 - INFO - RTDB flush OK (9 rows)
2025-09-17 12:46:27,481 - INFO - RTDB flush OK (9 rows)
2025-09-17 12:46:30,622 - INFO - RTDB flush OK (9 rows)
2025-09-17 12:46:31,443 - INFO - RTDB flush OK (2 rows)
2025-09-17 12:46:31,444 - INFO - Cleanup done.
2025-09-17 13:00:35,519 - INFO - Serial opened: /dev/ttyAMA0
2025-09-17 13:00:35,519 - INFO - Serial opened: /dev/ttyAMA2
2025-09-17 13:00:35,519 - WARNING - RTDB sink disabled: check firebase-admin/URL
2025-09-17 13:00:35,520 - INFO - Program started.
2025-09-17 13:00:35,520 - INFO - Cleanup done.
2025-09-17 13:02:24,557 - INFO - Serial opened: /dev/ttyAMA0
2025-09-17 13:02:24,557 - INFO - Serial opened: /dev/ttyAMA2
2025-09-17 13:02:24,557 - WARNING - RTDB sink disabled: check firebase-admin/URL
2025-09-17 13:02:24,557 - INFO - Program started.
2025-09-17 13:02:24,558 - INFO - Cleanup done.
2025-09-17 13:06:29,426 - INFO - Serial opened: /dev/ttyAMA0
2025-09-17 13:06:29,426 - INFO - Serial opened: /dev/ttyAMA2
2025-09-17 13:06:29,426 - WARNING - RTDB sink disabled: check firebase-admin/URL
2025-09-17 13:06:29,426 - INFO - Program started.
2025-09-17 13:06:29,426 - INFO - Cleanup done.
2025-09-17 13:07:59,753 - INFO - Serial opened: /dev/ttyAMA0
2025-09-17 13:07:59,753 - INFO - Serial opened: /dev/ttyAMA2
2025-09-17 13:07:59,974 - INFO - RTDB sink enabled root='/pm_readings', batch=50, flush=3s
2025-09-17 13:07:59,974 - INFO - Program started.
2025-09-17 13:07:59,974 - INFO - Cleanup done.
2025-09-17 13:12:29,560 - INFO - Serial opened: /dev/ttyAMA0
2025-09-17 13:12:29,560 - INFO - Serial opened: /dev/ttyAMA2
2025-09-17 13:12:29,780 - INFO - RTDB sink enabled root='/pm_readings', batch=50, flush=3s
2025-09-17 13:12:29,781 - INFO - Program started.
2025-09-17 13:12:35,338 - INFO - RTDB flush OK (3 rows)
2025-09-17 13:12:40,432 - INFO - RTDB flush OK (2 rows)
2025-09-17 13:12:46,518 - INFO - RTDB flush OK (3 rows)
2025-09-17 13:12:51,632 - INFO - RTDB flush OK (2 rows)
2025-09-17 13:12:56,721 - INFO - RTDB flush OK (2 rows)
2025-09-17 13:13:01,812 - INFO - RTDB flush OK (2 rows)
2025-09-17 13:13:06,900 - INFO - RTDB flush OK (2 rows)
2025-09-17 13:13:11,982 - INFO - RTDB flush OK (2 rows)
2025-09-17 13:13:17,110 - INFO - RTDB flush OK (2 rows)
2025-09-17 13:13:22,198 - INFO - RTDB flush OK (2 rows)
2025-09-17 13:13:27,301 - INFO - RTDB flush OK (2 rows)
2025-09-17 13:13:32,387 - INFO - RTDB flush OK (2 rows)
2025-09-17 13:13:37,474 - INFO - RTDB flush OK (2 rows)
2025-09-17 13:13:42,584 - INFO - RTDB flush OK (2 rows)
2025-09-17 13:13:47,668 - INFO - RTDB flush OK (2 rows)
2025-09-17 13:13:52,755 - INFO - RTDB flush OK (2 rows)
2025-09-17 13:16:43,831 - INFO - Serial opened: /dev/ttyAMA0
2025-09-17 13:16:43,831 - INFO - Serial opened: /dev/ttyAMA2
2025-09-17 13:16:44,082 - INFO - RTDB sink enabled root='/pm_readings', batch=50, flush=3s
2025-09-17 13:16:44,082 - INFO - Program started.
2025-09-17 13:16:49,103 - INFO - RTDB flush OK (8 rows)
2025-09-17 13:22:09,957 - INFO - Serial opened: /dev/ttyAMA0
2025-09-17 13:22:09,957 - INFO - Serial opened: /dev/ttyAMA2
2025-09-17 13:22:10,203 - INFO - RTDB sink enabled root='/pm_readings', batch=50, flush=3s
2025-09-17 13:22:10,204 - INFO - Program started.
2025-09-17 13:22:13,865 - INFO - RTDB flush OK (9 rows)
2025-09-17 13:22:17,009 - INFO - RTDB flush OK (9 rows)
2025-09-17 13:22:20,160 - INFO - RTDB flush OK (9 rows)
2025-09-17 13:22:23,298 - INFO - RTDB flush OK (9 rows)
2025-09-17 13:22:26,444 - INFO - RTDB flush OK (9 rows)
2025-09-17 13:22:29,584 - INFO - RTDB flush OK (9 rows)
2025-09-17 13:22:32,730 - INFO - RTDB flush OK (9 rows)
2025-09-17 13:22:34,332 - INFO - RTDB flush OK (5 rows)
2025-09-17 13:22:34,332 - INFO - Cleanup done.
2025-09-17 13:27:34,009 - INFO - Serial opened: /dev/ttyAMA0
2025-09-17 13:27:34,009 - INFO - Serial opened: /dev/ttyAMA2
2025-09-17 13:27:34,009 - WARNING - RTDB sink disabled: check firebase-admin/URL
2025-09-17 13:27:34,009 - INFO - Program started.
2025-09-17 13:27:47,723 - INFO - Cleanup done.
2025-09-17 13:34:21,633 - INFO - Serial opened: /dev/ttyAMA0
2025-09-17 13:34:21,634 - INFO - Serial opened: /dev/ttyAMA2
2025-09-17 13:34:21,856 - INFO - RTDB sink enabled root='/pm_readings', batch=50, flush=3s
2025-09-17 13:34:21,856 - INFO - Program started.
2025-09-17 13:34:28,407 - INFO - RTDB flush OK (3 rows)
